[0.017s] Invoking command in '/home/devuser/AOX/ROS2/src/lcm_service/build/lcm_service': CMAKE_PREFIX_PATH=${CMAKE_PREFIX_PATH}:/opt/ros/humble /usr/bin/cmake --build /home/devuser/AOX/ROS2/src/lcm_service/build/lcm_service -- -j8 -l8
[0.047s] [35m[1mConsolidate compiler generated dependencies of target server_a[0m
[0.047s] [35m[1mConsolidate compiler generated dependencies of target client[0m
[0.056s] [ 33%] Built target server_b
[0.059s] [ 66%] Built target server_a
[0.061s] [ 83%] [32mBuilding CXX object CMakeFiles/client.dir/src/client.cpp.o[0m
[1.690s] [01m[K/home/devuser/AOX/ROS2/src/lcm_service/src/client.cpp:[m[K In function ‘[01m[Kint main(int, char**)[m[K’:
[1.690s] [01m[K/home/devuser/AOX/ROS2/src/lcm_service/src/client.cpp:81:8:[m[K [01;35m[Kwarning: [m[Kunused variable ‘[01m[Kreq[m[K’ [[01;35m[K]8;;https://gcc.gnu.org/onlinedocs/gcc/Warning-Options.html#index-Wunused-variable-Wunused-variable]8;;[m[K]
[1.690s]    81 |   auto [01;35m[Kreq[m[K=atoll(argv[1]);
[1.690s]       |        [01;35m[K^~~[m[K
[2.811s] [100%] [32m[1mLinking CXX executable client[0m
[2.932s] [100%] Built target client
[2.940s] Invoked command in '/home/devuser/AOX/ROS2/src/lcm_service/build/lcm_service' returned '0': CMAKE_PREFIX_PATH=${CMAKE_PREFIX_PATH}:/opt/ros/humble /usr/bin/cmake --build /home/devuser/AOX/ROS2/src/lcm_service/build/lcm_service -- -j8 -l8
[2.969s] Invoking command in '/home/devuser/AOX/ROS2/src/lcm_service/build/lcm_service': CMAKE_PREFIX_PATH=${CMAKE_PREFIX_PATH}:/opt/ros/humble /usr/bin/cmake --install /home/devuser/AOX/ROS2/src/lcm_service/build/lcm_service
[2.975s] -- Install configuration: ""
[2.976s] -- Installing: /home/devuser/AOX/ROS2/src/lcm_service/install/lcm_service/lib/lcm_service/server_a
[2.976s] -- Set runtime path of "/home/devuser/AOX/ROS2/src/lcm_service/install/lcm_service/lib/lcm_service/server_a" to ""
[2.976s] -- Up-to-date: /home/devuser/AOX/ROS2/src/lcm_service/install/lcm_service/lib/lcm_service/server_b
[2.977s] -- Installing: /home/devuser/AOX/ROS2/src/lcm_service/install/lcm_service/lib/lcm_service/client
[2.977s] -- Set runtime path of "/home/devuser/AOX/ROS2/src/lcm_service/install/lcm_service/lib/lcm_service/client" to ""
[2.977s] -- Up-to-date: /home/devuser/AOX/ROS2/src/lcm_service/install/lcm_service/share/ament_index/resource_index/package_run_dependencies/lcm_service
[2.978s] -- Up-to-date: /home/devuser/AOX/ROS2/src/lcm_service/install/lcm_service/share/ament_index/resource_index/parent_prefix_path/lcm_service
[2.978s] -- Up-to-date: /home/devuser/AOX/ROS2/src/lcm_service/install/lcm_service/share/lcm_service/environment/ament_prefix_path.sh
[2.978s] -- Up-to-date: /home/devuser/AOX/ROS2/src/lcm_service/install/lcm_service/share/lcm_service/environment/ament_prefix_path.dsv
[2.978s] -- Up-to-date: /home/devuser/AOX/ROS2/src/lcm_service/install/lcm_service/share/lcm_service/environment/path.sh
[2.978s] -- Up-to-date: /home/devuser/AOX/ROS2/src/lcm_service/install/lcm_service/share/lcm_service/environment/path.dsv
[2.978s] -- Up-to-date: /home/devuser/AOX/ROS2/src/lcm_service/install/lcm_service/share/lcm_service/local_setup.bash
[2.978s] -- Up-to-date: /home/devuser/AOX/ROS2/src/lcm_service/install/lcm_service/share/lcm_service/local_setup.sh
[2.978s] -- Up-to-date: /home/devuser/AOX/ROS2/src/lcm_service/install/lcm_service/share/lcm_service/local_setup.zsh
[2.978s] -- Up-to-date: /home/devuser/AOX/ROS2/src/lcm_service/install/lcm_service/share/lcm_service/local_setup.dsv
[2.978s] -- Installing: /home/devuser/AOX/ROS2/src/lcm_service/install/lcm_service/share/lcm_service/package.dsv
[2.978s] -- Up-to-date: /home/devuser/AOX/ROS2/src/lcm_service/install/lcm_service/share/ament_index/resource_index/packages/lcm_service
[2.978s] -- Up-to-date: /home/devuser/AOX/ROS2/src/lcm_service/install/lcm_service/share/lcm_service/cmake/lcm_serviceConfig.cmake
[2.978s] -- Up-to-date: /home/devuser/AOX/ROS2/src/lcm_service/install/lcm_service/share/lcm_service/cmake/lcm_serviceConfig-version.cmake
[2.978s] -- Up-to-date: /home/devuser/AOX/ROS2/src/lcm_service/install/lcm_service/share/lcm_service/package.xml
[2.980s] Invoked command in '/home/devuser/AOX/ROS2/src/lcm_service/build/lcm_service' returned '0': CMAKE_PREFIX_PATH=${CMAKE_PREFIX_PATH}:/opt/ros/humble /usr/bin/cmake --install /home/devuser/AOX/ROS2/src/lcm_service/build/lcm_service
