-- Found ament_cmake: 1.3.5 (/opt/ros/humble/share/ament_cmake/cmake)
-- Found rclcpp: 16.0.5 (/opt/ros/humble/share/rclcpp/cmake)
-- Found rosidl_generator_c: 3.1.5 (/opt/ros/humble/share/rosidl_generator_c/cmake)
-- Found rosidl_adapter: 3.1.5 (/opt/ros/humble/share/rosidl_adapter/cmake)
-- Found rosidl_generator_cpp: 3.1.5 (/opt/ros/humble/share/rosidl_generator_cpp/cmake)
-- Using all available rosidl_typesupport_c: rosidl_typesupport_fastrtps_c;rosidl_typesupport_introspection_c
-- Using all available rosidl_typesupport_cpp: rosidl_typesupport_fastrtps_cpp;rosidl_typesupport_introspection_cpp
-- Found rmw_implementation_cmake: 6.1.1 (/opt/ros/humble/share/rmw_implementation_cmake/cmake)
-- Found rmw_fastrtps_cpp: 6.2.3 (/opt/ros/humble/share/rmw_fastrtps_cpp/cmake)
-- Using RMW implementation 'rmw_fastrtps_cpp' as default
-- Found tutorial_interfaces: 0.0.0 (/home/devuser/AOX/ROS2/src/install/tutorial_interfaces/share/tutorial_interfaces/cmake)
-- Configuring done
-- Generating done
-- Build files have been written to: /home/devuser/AOX/ROS2/src/lcm_service/build/lcm_service
[35m[1mConsolidate compiler generated dependencies of target server_a[0m
[35m[1mConsolidate compiler generated dependencies of target server_b[0m
[35m[1mConsolidate compiler generated dependencies of target client[0m
[ 33%] [32mBuilding CXX object CMakeFiles/server_a.dir/src/server_a.cpp.o[0m
[ 33%] [32mBuilding CXX object CMakeFiles/client.dir/src/client.cpp.o[0m
[ 50%] [32mBuilding CXX object CMakeFiles/server_b.dir/src/server_b.cpp.o[0m
[01m[K/home/devuser/AOX/ROS2/src/lcm_service/src/client.cpp:[m[K In function ‘[01m[Kvoid notify(std::shared_ptr<tutorial_interfaces::srv::Shutdown_Request_<std::allocator<void> > >, std::shared_ptr<tutorial_interfaces::srv::Shutdown_Response_<std::allocator<void> > >)[m[K’:
[01m[K/home/devuser/AOX/ROS2/src/lcm_service/src/client.cpp:18:8:[m[K [01;35m[Kwarning: [m[Kunused variable ‘[01m[Kservice_a_status[m[K’ [[01;35m[K]8;;https://gcc.gnu.org/onlinedocs/gcc/Warning-Options.html#index-Wunused-variable-Wunused-variable]8;;[m[K]
   18 |    int [01;35m[Kservice_a_status[m[K=1;
      |        [01;35m[K^~~~~~~~~~~~~~~~[m[K
[01m[K/home/devuser/AOX/ROS2/src/lcm_service/src/client.cpp:24:9:[m[K [01;35m[Kwarning: [m[Kunused variable ‘[01m[Kservice_b_status[m[K’ [[01;35m[K]8;;https://gcc.gnu.org/onlinedocs/gcc/Warning-Options.html#index-Wunused-variable-Wunused-variable]8;;[m[K]
   24 |     int [01;35m[Kservice_b_status[m[K=1;
      |         [01;35m[K^~~~~~~~~~~~~~~~[m[K
[01m[K/home/devuser/AOX/ROS2/src/lcm_service/src/server_a.cpp:[m[K In function ‘[01m[Kint main(int, char**)[m[K’:
[01m[K/home/devuser/AOX/ROS2/src/lcm_service/src/server_a.cpp:40:38:[m[K [01;31m[Kerror: [m[Kunable to find numeric literal operator ‘[01m[Koperator""s[m[K’
   40 |     while (!client->wait_for_service([01;31m[K1s[m[K)) {
      |                                      [01;31m[K^~[m[K
gmake[2]: *** [CMakeFiles/server_a.dir/build.make:76: CMakeFiles/server_a.dir/src/server_a.cpp.o] Error 1
gmake[1]: *** [CMakeFiles/Makefile2:141: CMakeFiles/server_a.dir/all] Error 2
gmake[1]: *** Waiting for unfinished jobs....
[ 66%] [32m[1mLinking CXX executable server_b[0m
[ 66%] Built target server_b
[ 83%] [32m[1mLinking CXX executable client[0m
[ 83%] Built target client
gmake: *** [Makefile:146: all] Error 2
